<?xml version="1.0" encoding="UTF-8"?>
<!-- Generated by org.testng.reporters.JUnitReportReporter -->
<testsuite hostname="Willow-PC" failures="0" tests="1" name="rahulshettyacademy.eCommerce_tc_1" time="9.176" errors="0" timestamp="2024-01-18T10:24:22 UTC" skipped="0">
  <testcase classname="rahulshettyacademy.eCommerce_tc_1" name="Fillform" time="9.176"/>
  <system-out/>
</testsuite> <!-- rahulshettyacademy.eCommerce_tc_1 -->
