<?xml version="1.0" encoding="UTF-8"?>
<!-- Generated by org.testng.reporters.JUnitReportReporter -->
<testsuite hostname="Willow-PC" failures="0" tests="1" name="rahulshettyacademy.eCommerce_tc_3" time="21.333" errors="0" timestamp="2024-01-18T10:56:11 UTC" skipped="0">
  <testcase classname="rahulshettyacademy.eCommerce_tc_3" name="Fillform" time="21.333"/>
  <system-out/>
</testsuite> <!-- rahulshettyacademy.eCommerce_tc_3 -->
