<?xml version="1.0" encoding="UTF-8"?>
<!-- Generated by org.testng.reporters.JUnitReportReporter -->
<testsuite hostname="Willow-PC" failures="0" tests="1" name="rahulshettyacademy.MiscellaneousAppiumActions" time="9.806" errors="0" timestamp="2024-01-07T12:12:13 CET" skipped="0">
  <testcase classname="rahulshettyacademy.MiscellaneousAppiumActions" name="Miscellaneous" time="9.806"/>
  <system-out/>
</testsuite> <!-- rahulshettyacademy.MiscellaneousAppiumActions -->
