<?xml version="1.0" encoding="UTF-8"?>
<!-- Generated by org.testng.reporters.JUnitReportReporter -->
<testsuite hostname="Willow-PC" failures="0" tests="1" name="rahulshettyacademy.ScrollDemo" time="8.645" errors="0" timestamp="2024-01-06T15:02:51 CET" skipped="0">
  <testcase classname="rahulshettyacademy.ScrollDemo" name="ScrollDemoTest" time="8.645"/>
  <system-out/>
</testsuite> <!-- rahulshettyacademy.ScrollDemo -->
