<?xml version="1.0" encoding="UTF-8"?>
<!-- Generated by org.testng.reporters.JUnitReportReporter -->
<testsuite hostname="Willow-PC" failures="0" tests="1" name="rahulshettyacademy.AppiumBasics" time="4.836" errors="0" timestamp="2024-01-07T12:08:19 CET" skipped="0">
  <testcase classname="rahulshettyacademy.AppiumBasics" name="WifiSettingsName" time="4.836"/>
  <system-out/>
</testsuite> <!-- rahulshettyacademy.AppiumBasics -->
