<?xml version="1.0" encoding="UTF-8"?>
<!-- Generated by org.testng.reporters.JUnitReportReporter -->
<testsuite hostname="Willow-PC" failures="0" tests="1" name="rahulshettyacademy.AssignmentExerciseOnAppium" time="5.152" errors="0" timestamp="2024-01-07T10:40:50 CET" skipped="0">
  <testcase classname="rahulshettyacademy.AssignmentExerciseOnAppium" name="AssigmentEndToEnd" time="5.152"/>
  <system-out/>
</testsuite> <!-- rahulshettyacademy.AssignmentExerciseOnAppium -->
