<?xml version="1.0" encoding="UTF-8"?>
<!-- Generated by org.testng.reporters.JUnitReportReporter -->
<testsuite hostname="Willow-PC" failures="0" tests="1" name="rahulshettyacademy.DragDropDemo" time="5.110" errors="0" timestamp="2024-01-07T10:21:43 CET" skipped="0">
  <testcase classname="rahulshettyacademy.DragDropDemo" name="DragDropTest" time="5.110"/>
  <system-out/>
</testsuite> <!-- rahulshettyacademy.DragDropDemo -->
