<?xml version="1.0" encoding="UTF-8"?>
<!-- Generated by org.testng.reporters.JUnitReportReporter -->
<testsuite hostname="Willow-PC" failures="0" tests="1" name="rahulshettyacademy.LongPress" time="6.617" errors="0" timestamp="2024-01-05T10:09:58 CET" skipped="0">
  <testcase classname="rahulshettyacademy.LongPress" name="LongPressGesture" time="6.617"/>
  <system-out/>
</testsuite> <!-- rahulshettyacademy.LongPress -->
