<?xml version="1.0" encoding="UTF-8"?>
<!-- Generated by org.testng.reporters.JUnitReportReporter -->
<testsuite hostname="Willow-PC" failures="0" tests="1" name="rahulshettyacademy.SwipeDemo" time="5.982" errors="0" timestamp="2024-01-06T15:00:42 CET" skipped="0">
  <testcase classname="rahulshettyacademy.SwipeDemo" name="ScrollDemoTest" time="5.982"/>
  <system-out/>
</testsuite> <!-- rahulshettyacademy.SwipeDemo -->
